<?xml version="1.0" encoding="UTF-8"?>
<!-- Generated by org.testng.reporters.JUnitReportReporter -->
<testsuite skipped="0" hostname="LT-MRADFORD01" name="automationFramework.TSProductDetailsTest" tests="3" failures="0" timestamp="2022-09-07T12:55:44 PDT" time="45.644" errors="0">
  <testcase name="TestRelatedProducts" time="5.333" classname="automationFramework.TSProductDetailsTest"/>
  <testcase name="TestProductPageDetails" time="20.037" classname="automationFramework.TSProductDetailsTest"/>
  <testcase name="TestProductPageDetails" time="20.274" classname="automationFramework.TSProductDetailsTest"/>
</testsuite> <!-- automationFramework.TSProductDetailsTest -->
