<?xml version="1.0" encoding="UTF-8"?>
<!-- Generated by org.testng.reporters.JUnitReportReporter -->
<testsuite skipped="0" hostname="LT-MRADFORD01" name="automationFramework.TSMyAccount" tests="5" failures="0" timestamp="2023-06-14T11:39:30 PDT" time="184.838" errors="0">
  <testcase name="MyAccount_Edit" time="64.785" classname="automationFramework.TSMyAccount"/>
  <testcase name="MyAccount_Edit" time="32.115" classname="automationFramework.TSMyAccount"/>
  <testcase name="MyAccount_Edit" time="29.784" classname="automationFramework.TSMyAccount"/>
  <testcase name="MyAccount_Edit" time="29.240" classname="automationFramework.TSMyAccount"/>
  <testcase name="MyAccount_Edit" time="28.914" classname="automationFramework.TSMyAccount"/>
</testsuite> <!-- automationFramework.TSMyAccount -->
