<?xml version="1.0" encoding="UTF-8"?>
<!-- Generated by org.testng.reporters.JUnitReportReporter -->
<testsuite skipped="0" hostname="LT-MRADFORD01" name="automationFramework.TSBoostCheckOut" tests="1" failures="0" timestamp="2022-12-22T10:57:23 PST" time="60.524" errors="0">
  <testcase name="BoostAssertValidPage" time="60.524" classname="automationFramework.TSBoostCheckOut"/>
</testsuite> <!-- automationFramework.TSBoostCheckOut -->
