<?xml version="1.0" encoding="UTF-8"?>
<!-- Generated by org.testng.reporters.JUnitReportReporter -->
<testsuite skipped="0" hostname="LT-MRADFORD01" name="automationFramework.TSVerifyPages" tests="95" failures="0" timestamp="2023-07-18T15:45:59 PDT" time="599.124" errors="0">
  <testcase name="checkDonorPages" time="6.821" classname="automationFramework.TSVerifyPages"/>
  <testcase name="checkDonorPages" time="16.305" classname="automationFramework.TSVerifyPages"/>
  <testcase name="checkDonorPages" time="1.320" classname="automationFramework.TSVerifyPages"/>
  <testcase name="checkDonorPages" time="12.443" classname="automationFramework.TSVerifyPages"/>
  <testcase name="checkDonorPages" time="7.361" classname="automationFramework.TSVerifyPages"/>
  <testcase name="checkDonorPages" time="6.525" classname="automationFramework.TSVerifyPages"/>
  <testcase name="checkDonorPages" time="5.173" classname="automationFramework.TSVerifyPages"/>
  <testcase name="checkDonorPages" time="4.590" classname="automationFramework.TSVerifyPages"/>
  <testcase name="checkDonorPages" time="5.609" classname="automationFramework.TSVerifyPages"/>
  <testcase name="checkDonorPages" time="4.486" classname="automationFramework.TSVerifyPages"/>
  <testcase name="checkDonorPages" time="4.918" classname="automationFramework.TSVerifyPages"/>
  <testcase name="checkDonorPages" time="5.965" classname="automationFramework.TSVerifyPages"/>
  <testcase name="checkDonorPages" time="5.603" classname="automationFramework.TSVerifyPages"/>
  <testcase name="checkDonorPages" time="4.733" classname="automationFramework.TSVerifyPages"/>
  <testcase name="checkBoostPages" time="6.946" classname="automationFramework.TSVerifyPages"/>
  <testcase name="checkDonorPages" time="8.900" classname="automationFramework.TSVerifyPages"/>
  <testcase name="checkBoostPages" time="6.196" classname="automationFramework.TSVerifyPages"/>
  <testcase name="checkDonorPages" time="9.174" classname="automationFramework.TSVerifyPages"/>
  <testcase name="checkDonorPages" time="6.361" classname="automationFramework.TSVerifyPages"/>
  <testcase name="checkDonorPages" time="5.223" classname="automationFramework.TSVerifyPages"/>
  <testcase name="checkDonorPages" time="7.646" classname="automationFramework.TSVerifyPages"/>
  <testcase name="checkDonorPages" time="5.095" classname="automationFramework.TSVerifyPages"/>
  <testcase name="checkDonorPages" time="5.505" classname="automationFramework.TSVerifyPages"/>
  <testcase name="checkDonorPages" time="5.920" classname="automationFramework.TSVerifyPages"/>
  <testcase name="checkDonorPages" time="5.116" classname="automationFramework.TSVerifyPages"/>
  <testcase name="checkDonorPages" time="5.273" classname="automationFramework.TSVerifyPages"/>
  <testcase name="checkDonorPages" time="4.324" classname="automationFramework.TSVerifyPages"/>
  <testcase name="checkDonorPages" time="7.486" classname="automationFramework.TSVerifyPages"/>
  <testcase name="checkDonorPages" time="5.820" classname="automationFramework.TSVerifyPages"/>
  <testcase name="checkDonorPages" time="5.269" classname="automationFramework.TSVerifyPages"/>
  <testcase name="checkDonorPages" time="3.830" classname="automationFramework.TSVerifyPages"/>
  <testcase name="checkDonorPages" time="7.458" classname="automationFramework.TSVerifyPages"/>
  <testcase name="checkDonorPages" time="6.568" classname="automationFramework.TSVerifyPages"/>
  <testcase name="checkDonorPages" time="7.046" classname="automationFramework.TSVerifyPages"/>
  <testcase name="checkDonorPages" time="4.893" classname="automationFramework.TSVerifyPages"/>
  <testcase name="checkDonorPages" time="5.737" classname="automationFramework.TSVerifyPages"/>
  <testcase name="checkDonorPages" time="6.402" classname="automationFramework.TSVerifyPages"/>
  <testcase name="checkDonorPages" time="5.450" classname="automationFramework.TSVerifyPages"/>
  <testcase name="checkBoostPages" time="7.858" classname="automationFramework.TSVerifyPages"/>
  <testcase name="checkDonorPages" time="6.359" classname="automationFramework.TSVerifyPages"/>
  <testcase name="checkDonorPages" time="5.016" classname="automationFramework.TSVerifyPages"/>
  <testcase name="checkDonorPages" time="4.930" classname="automationFramework.TSVerifyPages"/>
  <testcase name="checkDonorPages" time="5.491" classname="automationFramework.TSVerifyPages"/>
  <testcase name="checkDonorPages" time="8.529" classname="automationFramework.TSVerifyPages"/>
  <testcase name="checkDonorPages" time="4.576" classname="automationFramework.TSVerifyPages"/>
  <testcase name="checkDonorPages" time="6.472" classname="automationFramework.TSVerifyPages"/>
  <testcase name="checkDonorPages" time="5.238" classname="automationFramework.TSVerifyPages"/>
  <testcase name="checkDonorPages" time="6.906" classname="automationFramework.TSVerifyPages"/>
  <testcase name="checkDonorPages" time="5.303" classname="automationFramework.TSVerifyPages"/>
  <testcase name="checkDonorPages" time="5.579" classname="automationFramework.TSVerifyPages"/>
  <testcase name="checkDonorPages" time="5.046" classname="automationFramework.TSVerifyPages"/>
  <testcase name="checkDonorPages" time="5.727" classname="automationFramework.TSVerifyPages"/>
  <testcase name="checkDonorPages" time="5.550" classname="automationFramework.TSVerifyPages"/>
  <testcase name="checkDonorPages" time="4.661" classname="automationFramework.TSVerifyPages"/>
  <testcase name="checkDonorPages" time="4.765" classname="automationFramework.TSVerifyPages"/>
  <testcase name="checkDonorPages" time="6.977" classname="automationFramework.TSVerifyPages"/>
  <testcase name="checkBoostPages" time="30.235" classname="automationFramework.TSVerifyPages"/>
  <testcase name="checkDonorPages" time="7.172" classname="automationFramework.TSVerifyPages"/>
  <testcase name="checkDonorPages" time="4.837" classname="automationFramework.TSVerifyPages"/>
  <testcase name="checkDonorPages" time="5.063" classname="automationFramework.TSVerifyPages"/>
  <testcase name="checkDonorPages" time="4.955" classname="automationFramework.TSVerifyPages"/>
  <testcase name="checkDonorPages" time="4.921" classname="automationFramework.TSVerifyPages"/>
  <testcase name="checkDonorPages" time="6.273" classname="automationFramework.TSVerifyPages"/>
  <testcase name="checkDonorPages" time="7.978" classname="automationFramework.TSVerifyPages"/>
  <testcase name="checkDonorPages" time="5.374" classname="automationFramework.TSVerifyPages"/>
  <testcase name="checkDonorPages" time="5.973" classname="automationFramework.TSVerifyPages"/>
  <testcase name="checkDonorPages" time="4.773" classname="automationFramework.TSVerifyPages"/>
  <testcase name="checkDonorPages" time="2.258" classname="automationFramework.TSVerifyPages"/>
  <testcase name="checkDonorPages" time="5.607" classname="automationFramework.TSVerifyPages"/>
  <testcase name="checkDonorPages" time="6.513" classname="automationFramework.TSVerifyPages"/>
  <testcase name="checkDonorPages" time="5.602" classname="automationFramework.TSVerifyPages"/>
  <testcase name="checkDonorPages" time="4.377" classname="automationFramework.TSVerifyPages"/>
  <testcase name="checkDonorPages" time="7.201" classname="automationFramework.TSVerifyPages"/>
  <testcase name="checkDonorPages" time="9.032" classname="automationFramework.TSVerifyPages"/>
  <testcase name="checkDonorPages" time="5.646" classname="automationFramework.TSVerifyPages"/>
  <testcase name="checkDonorPages" time="5.737" classname="automationFramework.TSVerifyPages"/>
  <testcase name="checkDonorPages" time="8.003" classname="automationFramework.TSVerifyPages"/>
  <testcase name="checkDonorPages" time="4.728" classname="automationFramework.TSVerifyPages"/>
  <testcase name="checkDonorPages" time="4.746" classname="automationFramework.TSVerifyPages"/>
  <testcase name="checkDonorPages" time="5.405" classname="automationFramework.TSVerifyPages"/>
  <testcase name="checkDonorPages" time="4.185" classname="automationFramework.TSVerifyPages"/>
  <testcase name="checkDonorPages" time="7.237" classname="automationFramework.TSVerifyPages"/>
  <testcase name="checkBoostPages" time="11.638" classname="automationFramework.TSVerifyPages"/>
  <testcase name="checkDonorPages" time="5.961" classname="automationFramework.TSVerifyPages"/>
  <testcase name="checkBoostPages" time="6.377" classname="automationFramework.TSVerifyPages"/>
  <testcase name="checkDonorPages" time="5.853" classname="automationFramework.TSVerifyPages"/>
  <testcase name="checkDonorPages" time="3.195" classname="automationFramework.TSVerifyPages"/>
  <testcase name="checkDonorPages" time="4.716" classname="automationFramework.TSVerifyPages"/>
  <testcase name="checkDonorPages" time="5.213" classname="automationFramework.TSVerifyPages"/>
  <testcase name="checkDonorPages" time="9.122" classname="automationFramework.TSVerifyPages"/>
  <testcase name="checkDonorPages" time="5.216" classname="automationFramework.TSVerifyPages"/>
  <testcase name="checkDonorPages" time="5.273" classname="automationFramework.TSVerifyPages"/>
  <testcase name="checkDonorPages" time="7.880" classname="automationFramework.TSVerifyPages"/>
  <testcase name="checkDonorPages" time="6.064" classname="automationFramework.TSVerifyPages"/>
  <testcase name="checkDonorPages" time="4.312" classname="automationFramework.TSVerifyPages"/>
</testsuite> <!-- automationFramework.TSVerifyPages -->
