<?xml version="1.0" encoding="UTF-8"?>
<!-- Generated by org.testng.reporters.JUnitReportReporter -->
<testsuite skipped="0" hostname="LT-MRADFORD01" name="automationFramework.TSTestReport" tests="1" failures="0" timestamp="2020-09-09T18:32:27 PDT" time="0.027" errors="0">
  <testcase name="copyTestReports" time="0.027" classname="automationFramework.TSTestReport"/>
</testsuite> <!-- automationFramework.TSTestReport -->
