<?xml version="1.0" encoding="UTF-8"?>
<!-- Generated by org.testng.reporters.JUnitReportReporter -->
<testsuite skipped="0" hostname="LT-MRADFORD01" name="automationFramework.TSCheckoutSalesTaxLoop" tests="7" failures="0" timestamp="2022-09-08T10:16:19 PDT" time="521.923" errors="0">
  <testcase name="testACHFailure" time="55.794" classname="automationFramework.TSCheckoutSalesTaxLoop"/>
  <testcase name="CheckoutandVerify" time="186.613" classname="automationFramework.TSCheckoutSalesTaxLoop"/>
  <testcase name="testACHFailure" time="52.278" classname="automationFramework.TSCheckoutSalesTaxLoop"/>
  <testcase name="testACHFailure" time="47.846" classname="automationFramework.TSCheckoutSalesTaxLoop"/>
  <testcase name="testACHFailure" time="53.020" classname="automationFramework.TSCheckoutSalesTaxLoop"/>
  <testcase name="testACHFailure" time="66.095" classname="automationFramework.TSCheckoutSalesTaxLoop"/>
  <testcase name="testACHFailure" time="60.277" classname="automationFramework.TSCheckoutSalesTaxLoop"/>
</testsuite> <!-- automationFramework.TSCheckoutSalesTaxLoop -->
