<?xml version="1.0" encoding="UTF-8"?>
<!-- Generated by org.testng.reporters.JUnitReportReporter -->
<testsuite skipped="0" hostname="LT-MRADFORD01" name="automationFramework.TSCheckoutCSP" tests="7" failures="0" timestamp="2022-01-31T13:41:03 PST" time="181.199" errors="0">
  <testcase name="cspAddToCart" time="19.810" classname="automationFramework.TSCheckoutCSP"/>
  <testcase name="cspBadDomain" time="21.974" classname="automationFramework.TSCheckoutCSP"/>
  <testcase name="cspAddToCart" time="37.468" classname="automationFramework.TSCheckoutCSP"/>
  <testcase name="cspAddToCart" time="31.849" classname="automationFramework.TSCheckoutCSP"/>
  <testcase name="cspAddToCart" time="28.345" classname="automationFramework.TSCheckoutCSP"/>
  <testcase name="cspCustomDomain" time="22.428" classname="automationFramework.TSCheckoutCSP"/>
  <testcase name="cspAddToCart" time="19.325" classname="automationFramework.TSCheckoutCSP"/>
</testsuite> <!-- automationFramework.TSCheckoutCSP -->
