<?xml version="1.0" encoding="UTF-8"?>
<!-- Generated by org.testng.reporters.JUnitReportReporter -->
<testsuite skipped="0" hostname="LT-MRADFORD01" name="automationFramework.TSContactUs" tests="4" failures="0" timestamp="2022-09-07T12:51:17 PDT" time="16.908" errors="0">
  <testcase name="ContactUs" time="3.548" classname="automationFramework.TSContactUs"/>
  <testcase name="ContactUs" time="8.088" classname="automationFramework.TSContactUs"/>
  <testcase name="ContactUs" time="2.717" classname="automationFramework.TSContactUs"/>
  <testcase name="ContactUs" time="2.555" classname="automationFramework.TSContactUs"/>
</testsuite> <!-- automationFramework.TSContactUs -->
