<?xml version="1.0" encoding="UTF-8"?>
<!-- Generated by org.testng.reporters.JUnitReportReporter -->
<testsuite skipped="0" hostname="LT-MRADFORD01" name="automationFramework.TSCheckoutQuestionnaire" tests="1" failures="0" timestamp="2023-08-07T17:13:18 PDT" time="36.612" errors="0">
  <testcase name="LargeQuestionnaireCheckout" time="36.612" classname="automationFramework.TSCheckoutQuestionnaire"/>
</testsuite> <!-- automationFramework.TSCheckoutQuestionnaire -->
