<?xml version="1.0" encoding="UTF-8"?>
<!-- Generated by org.testng.reporters.JUnitReportReporter -->
<testsuite skipped="0" hostname="LT-MRADFORD01" name="automationFramework.TSTestStuff" tests="1" failures="0" timestamp="2022-02-03T10:36:28 PST" time="0.006" errors="0">
  <testcase name="renameHosts" time="0.006" classname="automationFramework.TSTestStuff"/>
</testsuite> <!-- automationFramework.TSTestStuff -->
