<?xml version="1.0" encoding="UTF-8"?>
<!-- Generated by org.testng.reporters.JUnitReportReporter -->
<testsuite skipped="0" hostname="LT-MRADFORD01" name="automationFramework.TSChangePassword" tests="3" failures="0" timestamp="2023-08-07T15:00:06 PDT" time="61.916" errors="0">
  <testcase name="ChangePassword" time="29.845" classname="automationFramework.TSChangePassword"/>
  <testcase name="ChangePassword" time="13.498" classname="automationFramework.TSChangePassword"/>
  <testcase name="ChangePassword" time="18.573" classname="automationFramework.TSChangePassword"/>
</testsuite> <!-- automationFramework.TSChangePassword -->
