<?xml version="1.0" encoding="UTF-8"?>
<!-- Generated by org.testng.reporters.JUnitReportReporter -->
<testsuite skipped="0" hostname="LT-MRADFORD01" name="automationFramework.TSGeneralHomePage" tests="2" failures="0" timestamp="2021-01-11T20:00:35 PST" time="139.733" errors="0">
  <testcase name="VerifyMenusTest" time="43.430" classname="automationFramework.TSGeneralHomePage"/>
  <testcase name="GeneralTest" time="96.303" classname="automationFramework.TSGeneralHomePage"/>
</testsuite> <!-- automationFramework.TSGeneralHomePage -->
