<?xml version="1.0" encoding="UTF-8"?>
<!-- Generated by org.testng.reporters.JUnitReportReporter -->
<testsuite hostname="LT-MRADFORD01" failures="0" tests="15" name="automationFramework.TSTimers" time="191.827" errors="0" timestamp="29 Aug 2023 21:46:45 GMT" skipped="0">
  <testcase classname="automationFramework.TSTimers" name="TenWorstPages" time="9.197"/>
  <testcase classname="automationFramework.TSTimers" name="TenWorstPages" time="6.534"/>
  <testcase classname="automationFramework.TSTimers" name="TenWorstPages" time="5.988"/>
  <testcase classname="automationFramework.TSTimers" name="TenWorstPages" time="4.019"/>
  <testcase classname="automationFramework.TSTimers" name="TenWorstPages" time="6.747"/>
  <testcase classname="automationFramework.TSTimers" name="VerifyLoginOnScroll" time="6.954"/>
  <testcase classname="automationFramework.TSTimers" name="TenWorstPages" time="4.045"/>
  <testcase classname="automationFramework.TSTimers" name="Timers" time="26.837"/>
  <testcase classname="automationFramework.TSTimers" name="ATimersCaptcha" time="18.545"/>
  <testcase classname="automationFramework.TSTimers" name="TimersLoggedIn" time="54.128"/>
  <testcase classname="automationFramework.TSTimers" name="TenWorstPages" time="4.347"/>
  <testcase classname="automationFramework.TSTimers" name="TenWorstPages" time="3.415"/>
  <testcase classname="automationFramework.TSTimers" name="VerifyAddToCartOnScroll" time="27.460"/>
  <testcase classname="automationFramework.TSTimers" name="TenWorstPages" time="3.723"/>
  <testcase classname="automationFramework.TSTimers" name="TenWorstPages" time="9.888"/>
</testsuite> <!-- automationFramework.TSTimers -->
