<?xml version="1.0" encoding="UTF-8"?>
<!-- Generated by org.testng.reporters.JUnitReportReporter -->
<testsuite skipped="0" hostname="LT-MRADFORD01" name="automationFramework.TSCheckoutSpecialChars" tests="8" failures="0" timestamp="2023-08-07T17:34:18 PDT" time="844.548" errors="0">
  <testcase name="BasicCheckout" time="102.602" classname="automationFramework.TSCheckoutSpecialChars"/>
  <testcase name="BasicCheckout" time="106.569" classname="automationFramework.TSCheckoutSpecialChars"/>
  <testcase name="BasicCheckout" time="126.260" classname="automationFramework.TSCheckoutSpecialChars"/>
  <testcase name="BasicCheckout" time="100.634" classname="automationFramework.TSCheckoutSpecialChars"/>
  <testcase name="BasicCheckout" time="99.812" classname="automationFramework.TSCheckoutSpecialChars"/>
  <testcase name="BasicCheckout" time="108.160" classname="automationFramework.TSCheckoutSpecialChars"/>
  <testcase name="BasicCheckout" time="100.064" classname="automationFramework.TSCheckoutSpecialChars"/>
  <testcase name="BasicCheckout" time="100.447" classname="automationFramework.TSCheckoutSpecialChars"/>
</testsuite> <!-- automationFramework.TSCheckoutSpecialChars -->
