<?xml version="1.0" encoding="UTF-8"?>
<!-- Generated by org.testng.reporters.JUnitReportReporter -->
<testsuite skipped="0" hostname="LT-MRADFORD01" name="automationFramework.TSRestrictionCheck" tests="6" failures="0" timestamp="2021-04-30T14:21:52 PDT" time="217.638" errors="0">
  <testcase name="BasicRestrictionCheck" time="36.556" classname="automationFramework.TSRestrictionCheck"/>
  <testcase name="BasicRestrictionCheckMsft" time="37.674" classname="automationFramework.TSRestrictionCheck"/>
  <testcase name="BasicRestrictionCheckMsft" time="35.920" classname="automationFramework.TSRestrictionCheck"/>
  <testcase name="BasicRestrictionCheckMsft" time="33.590" classname="automationFramework.TSRestrictionCheck"/>
  <testcase name="BasicRestrictionCheckMsft" time="37.411" classname="automationFramework.TSRestrictionCheck"/>
  <testcase name="BasicRestrictionCheckMsft" time="36.487" classname="automationFramework.TSRestrictionCheck"/>
</testsuite> <!-- automationFramework.TSRestrictionCheck -->
