<?xml version="1.0" encoding="UTF-8"?>
<!-- Generated by org.testng.reporters.JUnitReportReporter -->
<testsuite skipped="0" hostname="LT-MRADFORD01" name="automationFramework.TSSiteMap" tests="1" failures="0" timestamp="2021-09-10T07:30:20 PDT" time="4.260" errors="0">
  <testcase name="VerifySiteMap" time="4.260" classname="automationFramework.TSSiteMap"/>
</testsuite> <!-- automationFramework.TSSiteMap -->
