<?xml version="1.0" encoding="UTF-8"?>
<!-- Generated by org.testng.reporters.JUnitReportReporter -->
<testsuite hostname="LT-MRADFORD01" failures="0" tests="1" name="automationFramework.TSCheckForumsLive" time="6.904" errors="0" timestamp="29 Apr 2023 13:39:53 GMT" skipped="0">
  <testcase classname="automationFramework.TSCheckForumsLive" name="firstEmail" time="6.904"/>
</testsuite> <!-- automationFramework.TSCheckForumsLive -->
