<?xml version="1.0" encoding="UTF-8"?>
<!-- Generated by org.testng.reporters.JUnitReportReporter -->
<testsuite skipped="0" hostname="LT-MRADFORD01" name="automationFramework.TSLogin" tests="4" failures="0" timestamp="2023-07-08T13:56:59 PDT" time="30.775" errors="0">
  <testcase name="CheckLoginError" time="6.853" classname="automationFramework.TSLogin"/>
  <testcase name="CheckLoginError" time="9.177" classname="automationFramework.TSLogin"/>
  <testcase name="CheckLoginError" time="5.859" classname="automationFramework.TSLogin"/>
  <testcase name="CheckLoginError" time="8.886" classname="automationFramework.TSLogin"/>
</testsuite> <!-- automationFramework.TSLogin -->
