<?xml version="1.0" encoding="UTF-8"?>
<!-- Generated by org.testng.reporters.JUnitReportReporter -->
<testsuite skipped="0" hostname="LT-MRADFORD01" name="automationFramework.TSArticle" tests="2" failures="0" timestamp="2023-08-07T14:58:21 PDT" time="25.570" errors="0">
  <testcase name="CheckArticlePage" time="15.943" classname="automationFramework.TSArticle"/>
  <testcase name="CheckArticleSort" time="9.627" classname="automationFramework.TSArticle"/>
</testsuite> <!-- automationFramework.TSArticle -->
