<?xml version="1.0" encoding="UTF-8"?>
<!-- Generated by org.testng.reporters.JUnitReportReporter -->
<testsuite skipped="0" hostname="LT-MRADFORD01" name="automationFramework.TSCatalogTest" tests="1" failures="0" timestamp="2023-04-19T13:55:14 PDT" time="15.481" errors="0">
  <testcase name="CatalogTest" time="15.481" classname="automationFramework.TSCatalogTest"/>
</testsuite> <!-- automationFramework.TSCatalogTest -->
