<?xml version="1.0" encoding="UTF-8"?>
<!-- Generated by org.testng.reporters.JUnitReportReporter -->
<testsuite skipped="0" hostname="LT-MRADFORD01" name="automationFramework.screenshotEmail" tests="1" failures="0" timestamp="2021-06-22T06:35:03 PDT" time="7.411" errors="0">
  <testcase name="firstEmail" time="7.411" classname="automationFramework.screenshotEmail"/>
</testsuite> <!-- automationFramework.screenshotEmail -->
