<?xml version="1.0" encoding="UTF-8"?>
<!-- Generated by org.testng.reporters.JUnitReportReporter -->
<testsuite skipped="0" hostname="LT-MRADFORD01" name="automationFramework.TSForums" tests="2" failures="0" timestamp="2023-08-08T16:17:19 PDT" time="25.735" errors="0">
  <testcase name="SearchForums" time="19.604" classname="automationFramework.TSForums"/>
  <testcase name="SearchForums" time="6.131" classname="automationFramework.TSForums"/>
</testsuite> <!-- automationFramework.TSForums -->
