<?xml version="1.0" encoding="UTF-8"?>
<!-- Generated by org.testng.reporters.JUnitReportReporter -->
<testsuite skipped="0" hostname="LT-MRADFORD01" name="automationFramework.TSEditOrg" tests="1" failures="0" timestamp="2023-08-08T08:46:22 PDT" time="39.216" errors="0">
  <testcase name="EditOrg" time="39.216" classname="automationFramework.TSEditOrg"/>
</testsuite> <!-- automationFramework.TSEditOrg -->
