<?xml version="1.0" encoding="UTF-8"?>
<!-- Generated by org.testng.reporters.JUnitReportReporter -->
<testsuite skipped="0" hostname="LT-MRADFORD01" name="automationFramework.TSBoostAutoFill" tests="3" failures="0" timestamp="2021-07-01T10:16:54 PDT" time="144.748" errors="0">
  <testcase name="BoostCCCheckout" time="71.239" classname="automationFramework.TSBoostAutoFill"/>
  <testcase name="BoostOrgRemove" time="1.285" classname="automationFramework.TSBoostAutoFill"/>
  <testcase name="AddBoostOrg" time="72.224" classname="automationFramework.TSBoostAutoFill"/>
</testsuite> <!-- automationFramework.TSBoostAutoFill -->
