<?xml version="1.0" encoding="UTF-8"?>
<!-- Generated by org.testng.reporters.JUnitReportReporter -->
<testsuite skipped="3" hostname="LT-MRADFORD2" name="automationFramework.TSMobileJoin" tests="3" failures="0" timestamp="15 Oct 2019 00:14:01 GMT" time="0.000" errors="0">
  <testcase name="VerifyJoinTS" time="0.000" classname="automationFramework.TSMobileJoin">
    <skipped/>
  </testcase> <!-- VerifyJoinTS -->
  <testcase name="VerifyJoinErrorMessages" time="0.000" classname="automationFramework.TSMobileJoin">
    <skipped/>
  </testcase> <!-- VerifyJoinErrorMessages -->
  <testcase name="Join_TS" time="0.000" classname="automationFramework.TSMobileJoin">
    <skipped/>
  </testcase> <!-- Join_TS -->
</testsuite> <!-- automationFramework.TSMobileJoin -->
