<?xml version="1.0" encoding="UTF-8"?>
<!-- Generated by org.testng.reporters.JUnitReportReporter -->
<testsuite skipped="0" hostname="LT-MRADFORD01" name="automationFramework.TSCommunity" tests="1" failures="0" timestamp="2020-08-06T07:59:23 PDT" time="45.273" errors="0">
  <testcase name="Community_PageChecks" time="45.273" classname="automationFramework.TSCommunity"/>
</testsuite> <!-- automationFramework.TSCommunity -->
