<?xml version="1.0" encoding="UTF-8"?>
<!-- Generated by org.testng.reporters.JUnitReportReporter -->
<testsuite skipped="0" hostname="LT-MRADFORD01" name="automationFramework.TSOrgQualStatus" tests="5" failures="0" timestamp="2022-03-09T09:59:31 PST" time="254.789" errors="0">
  <testcase name="UpdateQualStatus" time="46.550" classname="automationFramework.TSOrgQualStatus"/>
  <testcase name="UpdateQualStatus" time="35.758" classname="automationFramework.TSOrgQualStatus"/>
  <testcase name="UpdateQualStatus" time="87.181" classname="automationFramework.TSOrgQualStatus"/>
  <testcase name="UpdateQualStatus" time="37.744" classname="automationFramework.TSOrgQualStatus"/>
  <testcase name="UpdateQualStatus" time="47.556" classname="automationFramework.TSOrgQualStatus"/>
</testsuite> <!-- automationFramework.TSOrgQualStatus -->
