<?xml version="1.0" encoding="UTF-8"?>
<!-- Generated by org.testng.reporters.JUnitReportReporter -->
<testsuite skipped="0" hostname="LT-MRADFORD01" name="automationFramework.TSEligibilityQuiz" tests="5" failures="0" timestamp="2023-03-29T13:21:04 PDT" time="161.495" errors="0">
  <testcase name="TSEligQuiz" time="46.678" classname="automationFramework.TSEligibilityQuiz"/>
  <testcase name="TSEligQuiz" time="13.255" classname="automationFramework.TSEligibilityQuiz"/>
  <testcase name="TSEligQuizVerifyRequired" time="4.695" classname="automationFramework.TSEligibilityQuiz"/>
  <testcase name="TSEligQuiz" time="16.633" classname="automationFramework.TSEligibilityQuiz"/>
  <testcase name="TSEligQuiz" time="80.234" classname="automationFramework.TSEligibilityQuiz"/>
</testsuite> <!-- automationFramework.TSEligibilityQuiz -->
